<?xml version="1.0" encoding="UTF-8"?>
<coverage generated="1653039528420" clover="3.2.0">
  <project timestamp="1653039528420" name="All files">
    <metrics statements="7" coveredstatements="6" conditionals="2" coveredconditionals="1" methods="2" coveredmethods="2" elements="11" coveredelements="9" complexity="0" loc="7" ncloc="7" packages="1" files="1" classes="1"/>
    <file name="countlikes.js" path="C:\Users\DELL LATITUDE\Desktop\Microverse\Module-2\Ogaga-Nelson-JavaScript-Capstone\src\modules\countlikes.js">
      <metrics statements="7" coveredstatements="6" conditionals="2" coveredconditionals="1" methods="2" coveredmethods="2"/>
      <line num="1" count="1" type="stmt"/>
      <line num="2" count="3" type="stmt"/>
      <line num="3" count="1" type="stmt"/>
      <line num="4" count="1" type="cond" truecount="1" falsecount="1"/>
      <line num="5" count="1" type="stmt"/>
      <line num="7" count="0" type="stmt"/>
      <line num="10" count="1" type="stmt"/>
    </file>
  </project>
</coverage>
