{"C:\\Users\\DELL LATITUDE\\Desktop\\Microverse\\Module-2\\Ogaga-Nelson-JavaScript-Capstone\\src\\modules\\countlikes.js": {"path":"C:\\Users\\DELL LATITUDE\\Desktop\\Microverse\\Module-2\\Ogaga-Nelson-JavaScript-Capstone\\src\\modules\\countlikes.js","statementMap":{"0":{"start":{"line":1,"column":18},"end":{"line":11,"column":1}},"1":{"start":{"line":2,"column":20},"end":{"line":2,"column":91}},"2":{"start":{"line":2,"column":42},"end":{"line":2,"column":90}},"3":{"start":{"line":3,"column":18},"end":{"line":3,"column":19}},"4":{"start":{"line":4,"column":2},"end":{"line":8,"column":3}},"5":{"start":{"line":5,"column":4},"end":{"line":5,"column":32}},"6":{"start":{"line":7,"column":4},"end":{"line":7,"column":18}},"7":{"start":{"line":10,"column":2},"end":{"line":10,"column":19}}},"fnMap":{"0":{"name":"(anonymous_0)","decl":{"start":{"line":1,"column":18},"end":{"line":1,"column":19}},"loc":{"start":{"line":1,"column":41},"end":{"line":11,"column":1}},"line":1},"1":{"name":"(anonymous_1)","decl":{"start":{"line":2,"column":35},"end":{"line":2,"column":36}},"loc":{"start":{"line":2,"column":42},"end":{"line":2,"column":90}},"line":2}},"branchMap":{"0":{"loc":{"start":{"line":4,"column":2},"end":{"line":8,"column":3}},"type":"if","locations":[{"start":{"line":4,"column":2},"end":{"line":8,"column":3}},{"start":{"line":6,"column":9},"end":{"line":8,"column":3}}],"line":4}},"s":{"0":1,"1":1,"2":3,"3":1,"4":1,"5":1,"6":0,"7":1},"f":{"0":1,"1":3},"b":{"0":[1,0]},"_coverageSchema":"1a1c01bbd47fc00a2c39e90264f33305004495a9","hash":"9253241a51182eb155ddae255c06e36839eb4c0d"}
}
